2025-11-03 22:05:51 - INFO - file_cache is only supported with oauth2client<4.0.0
2025-11-03 22:05:58 - INFO - ðŸš€ Script started at 2025-11-03 22:05:58
2025-11-03 22:05:58 - INFO - ðŸ” Logging into Yahoo...
2025-11-03 22:06:02 - INFO - âš ï¸ Checking for popups...
2025-11-03 22:06:07 - INFO - â„¹ï¸ Finished checking for popups.
2025-11-03 22:06:07 - INFO - â³ Waiting for email input field...
2025-11-03 22:06:28 - INFO - â„¹ï¸ Challenge URL detected but no CAPTCHA elements found - proceeding...
2025-11-03 22:06:28 - INFO - â³ Waiting for password field to be clickable...
2025-11-03 22:06:28 - INFO - âœ… Password field found. Entering password...
2025-11-03 22:06:30 - INFO - âœ… Final login button found. Clicking with JavaScript...
2025-11-03 22:06:32 - INFO - â³ Waiting 2 seconds after login button click...
2025-11-03 22:06:34 - INFO - ðŸ”„ Starting URL monitoring...
2025-11-03 22:06:57 - INFO - ðŸ” Current URL: https://de.yahoo.com/?p=us
2025-11-03 22:06:57 - INFO - âš ï¸ Not on portfolio page. Navigating to portfolio...
2025-11-03 22:07:32 - INFO - ðŸ” Current URL: https://finance.yahoo.com/portfolios
2025-11-03 22:07:32 - INFO - âœ… On portfolio page: https://finance.yahoo.com/portfolios
2025-11-03 22:07:32 - INFO - ðŸ”„ Starting HTML parsing...
2025-11-03 22:08:06 - INFO - âœ… Table data found, waiting for summary to stabilize...
2025-11-03 22:08:28 - INFO - âœ… Taking HTML snapshot for parsing...
2025-11-03 22:08:28 - INFO - ðŸ” Found 161 fin-streamer elements
2025-11-03 22:08:28 - INFO - âœ… Found main holdings section
2025-11-03 22:08:28 - INFO - âœ… Found MAIN portfolio_value: â‚¹2,787,469.28
2025-11-03 22:08:28 - INFO - âœ… Found MAIN day_change: -â‚¹12,508.69
2025-11-03 22:08:28 - INFO - âœ… Found MAIN unrealized: +â‚¹291,491.01
2025-11-03 22:08:28 - INFO - âœ… Found MAIN realized: -â‚¹124,374.86
2025-11-03 22:08:28 - INFO - âœ… Found MAIN day_change_percent: (-0.45%)
2025-11-03 22:08:28 - INFO - âœ… Found MAIN unrealized_percent: (+11.68%)
2025-11-03 22:08:28 - INFO - âœ… Found MAIN realized_percent: -8.11%
2025-11-03 22:08:28 - INFO - âœ… Found table for individual portfolios
2025-11-03 22:08:28 - INFO - âœ… Added portfolio: A-Indian Stocks - Day: -- ()
2025-11-03 22:08:28 - INFO - âœ… Added portfolio: A-US Stocks - Day: +â‚¹13,960.93 (+1.86%)
2025-11-03 22:08:28 - INFO - âœ… Added portfolio: Crypto Market - Day: -- ()
2025-11-03 22:08:28 - INFO - âœ… Added portfolio: US Market - Day: -â‚¹26,469.62 (-1.29%)
2025-11-03 22:08:28 - INFO - âœ… Found 4 individual portfolios
2025-11-03 22:08:28 - INFO - âœ… All data found - uploading...
2025-11-03 22:08:28 - INFO - 
ðŸ“Š Portfolio Summary
2025-11-03 22:08:28 - INFO - Total Holdings       : â‚¹2,787,469.28
2025-11-03 22:08:28 - INFO - Day Change           : -â‚¹12,508.69 ((-0.45%))
2025-11-03 22:08:28 - INFO - Unrealized Gain/Loss : +â‚¹291,491.01 ((+11.68%))
2025-11-03 22:08:28 - INFO - Realized Gain/Loss   : -â‚¹124,374.86 (-8.11%)
2025-11-03 22:08:29 - INFO - âœ… Appended row to Google Sheet: 1 row(s)
2025-11-03 22:08:29 - INFO - âœ… Data uploaded successfully.
2025-11-03 22:08:29 - INFO - âœ… Script completed successfully.
2025-11-03 22:08:29 - INFO - ðŸ§¹ Cleaning up...
2025-11-03 22:08:29 - WARNING - Retrying (Retry(total=2, connect=None, read=None, redirect=None, status=None)) after connection broken by 'NewConnectionError('<urllib3.connection.HTTPConnection object at 0x10e57e0d0>: Failed to establish a new connection: [Errno 61] Connection refused')': /session/434cdaab5fb243dbe796a83e22d8a5f8
2025-11-03 22:08:29 - WARNING - Retrying (Retry(total=1, connect=None, read=None, redirect=None, status=None)) after connection broken by 'NewConnectionError('<urllib3.connection.HTTPConnection object at 0x10e57e5d0>: Failed to establish a new connection: [Errno 61] Connection refused')': /session/434cdaab5fb243dbe796a83e22d8a5f8
2025-11-03 22:08:29 - WARNING - Retrying (Retry(total=0, connect=None, read=None, redirect=None, status=None)) after connection broken by 'NewConnectionError('<urllib3.connection.HTTPConnection object at 0x10dfb6780>: Failed to establish a new connection: [Errno 61] Connection refused')': /session/434cdaab5fb243dbe796a83e22d8a5f8
2025-11-03 22:08:29 - INFO - âœ… Script completed in 151.14 seconds.
2025-11-03 22:08:29 - INFO - âœ… Script finished at 2025-11-03 22:08:29
